<?xml version="1.0" encoding="UTF-8"?>
<!-- Generated by org.testng.reporters.JUnitXMLReporter -->
<testsuite ignored="0" hostname="LabjabMSI" failures="0" tests="4" name="FirefoxTest" time="5.905" errors="0" timestamp="2022-04-08T12:15:13 CAT">
  <testcase classname="demonstration.MultiBrowser" name="@BeforeClass beforeTest" time="5.858">
    <failure type="org.openqa.selenium.WebDriverException" message="TypeError: this.curBrowser.contentBrowser is null
Build info: version: &amp;apos;3.141.59&amp;apos;, revision: &amp;apos;e82be7d358&amp;apos;, time: &amp;apos;2018-11-14T08:17:03&amp;apos;
System info: host: &amp;apos;LABJABMSI&amp;apos;, ip: &amp;apos;10.0.0.68&amp;apos;, os.name: &amp;apos;Windows 10&amp;apos;, os.arch: &amp;apos;amd64&amp;apos;, os.version: &amp;apos;10.0&amp;apos;, java.version: &amp;apos;11.0.12&amp;apos;
Driver info: org.openqa.selenium.firefox.FirefoxDriver
Capabilities {acceptInsecureCerts: true, browserName: firefox, browserVersion: 98.0.2, javascriptEnabled: true, moz:accessibilityChecks: false, moz:buildID: 20220322144853, moz:geckodriverVersion: 0.30.0, moz:headless: false, moz:processID: 57612, moz:profile: C:\Users\rldis\AppData\Loca..., moz:shutdownTimeout: 60000, moz:useNonSpecCompliantPointerOrigin: false, moz:webdriverClick: true, pageLoadStrategy: normal, platform: WINDOWS, platformName: WINDOWS, platformVersion: 10.0, proxy: Proxy(), setWindowRect: true, strictFileInteractability: false, timeouts: {implicit: 0, pageLoad: 300000, script: 30000}, unhandledPromptBehavior: dismiss and notify}
Session ID: 19a4239c-0b77-456e-967c-75e4602d0c93">
      <![CDATA[org.openqa.selenium.WebDriverException: TypeError: this.curBrowser.contentBrowser is null
Build info: version: '3.141.59', revision: 'e82be7d358', time: '2018-11-14T08:17:03'
System info: host: 'LABJABMSI', ip: '10.0.0.68', os.name: 'Windows 10', os.arch: 'amd64', os.version: '10.0', java.version: '11.0.12'
Driver info: org.openqa.selenium.firefox.FirefoxDriver
Capabilities {acceptInsecureCerts: true, browserName: firefox, browserVersion: 98.0.2, javascriptEnabled: true, moz:accessibilityChecks: false, moz:buildID: 20220322144853, moz:geckodriverVersion: 0.30.0, moz:headless: false, moz:processID: 57612, moz:profile: C:\Users\rldis\AppData\Loca..., moz:shutdownTimeout: 60000, moz:useNonSpecCompliantPointerOrigin: false, moz:webdriverClick: true, pageLoadStrategy: normal, platform: WINDOWS, platformName: WINDOWS, platformVersion: 10.0, proxy: Proxy(), setWindowRect: true, strictFileInteractability: false, timeouts: {implicit: 0, pageLoad: 300000, script: 30000}, unhandledPromptBehavior: dismiss and notify}
Session ID: 19a4239c-0b77-456e-967c-75e4602d0c93
at org.openqa.selenium.remote.http.W3CHttpResponseCodec.createException(W3CHttpResponseCodec.java:187)
at org.openqa.selenium.remote.http.W3CHttpResponseCodec.decode(W3CHttpResponseCodec.java:122)
at org.openqa.selenium.remote.http.W3CHttpResponseCodec.decode(W3CHttpResponseCodec.java:49)
at org.openqa.selenium.remote.HttpCommandExecutor.execute(HttpCommandExecutor.java:158)
at org.openqa.selenium.remote.service.DriverCommandExecutor.execute(DriverCommandExecutor.java:83)
at org.openqa.selenium.remote.RemoteWebDriver.execute(RemoteWebDriver.java:552)
at org.openqa.selenium.remote.RemoteWebDriver.get(RemoteWebDriver.java:277)
at demonstration.MultiBrowser.beforeTest(MultiBrowser.java:78)
at java.base/java.util.concurrent.ThreadPoolExecutor.runWorker(ThreadPoolExecutor.java:1128)
at java.base/java.util.concurrent.ThreadPoolExecutor$Worker.run(ThreadPoolExecutor.java:628)
at java.base/java.lang.Thread.run(Thread.java:829)
... Removed 14 stack frames]]>
    </failure>
  </testcase> <!-- @BeforeClass beforeTest -->
  <testcase classname="demonstration.MultiBrowser" name="@AfterClass afterTest" time="-1.649412913014E9">
    <skipped/>
  </testcase> <!-- @AfterClass afterTest -->
  <testcase classname="demonstration.MultiBrowser" name="navigateToCashInvestment" time="0.0">
    <skipped/>
  </testcase> <!-- navigateToCashInvestment -->
  <testcase classname="demonstration.MultiBrowser" name="navigateToCashInvestment" time="0.0">
    <skipped/>
  </testcase> <!-- navigateToCashInvestment -->
  <testcase classname="demonstration.MultiBrowser" name="navigateToCashInvestment" time="0.0">
    <skipped/>
  </testcase> <!-- navigateToCashInvestment -->
  <testcase classname="demonstration.MultiBrowser" name="navigateToCashInvestment" time="0.0">
    <skipped/>
  </testcase> <!-- navigateToCashInvestment -->
</testsuite> <!-- FirefoxTest -->
