<?xml version="1.0" encoding="UTF-8"?>
<!-- Generated by org.testng.reporters.JUnitXMLReporter -->
<testsuite ignored="0" hostname="LabjabMSI" failures="2" tests="2" name="MSEdgeTest" time="7.222" errors="0" timestamp="2022-04-08T12:15:29 CAT">
  <testcase classname="demonstration.MultiBrowser" name="navigateToCashInvestment" time="0.026">
    <failure type="org.openqa.selenium.NoSuchElementException" message="Cannot locate an element using xpath=//a[text()=&amp;apos;Focus insights&amp;apos;]
For documentation on this error, please visit: https://www.seleniumhq.org/exceptions/no_such_element.html
Build info: version: &amp;apos;3.141.59&amp;apos;, revision: &amp;apos;e82be7d358&amp;apos;, time: &amp;apos;2018-11-14T08:17:03&amp;apos;
System info: host: &amp;apos;LABJABMSI&amp;apos;, ip: &amp;apos;10.0.0.68&amp;apos;, os.name: &amp;apos;Windows 10&amp;apos;, os.arch: &amp;apos;amd64&amp;apos;, os.version: &amp;apos;10.0&amp;apos;, java.version: &amp;apos;11.0.12&amp;apos;
Driver info: driver.version: RemoteWebDriver">
      <![CDATA[org.openqa.selenium.NoSuchElementException: Cannot locate an element using xpath=//a[text()='Focus insights']
For documentation on this error, please visit: https://www.seleniumhq.org/exceptions/no_such_element.html
Build info: version: '3.141.59', revision: 'e82be7d358', time: '2018-11-14T08:17:03'
System info: host: 'LABJABMSI', ip: '10.0.0.68', os.name: 'Windows 10', os.arch: 'amd64', os.version: '10.0', java.version: '11.0.12'
Driver info: driver.version: RemoteWebDriver
at org.openqa.selenium.remote.RemoteWebDriver.findElement(RemoteWebDriver.java:327)
at org.openqa.selenium.remote.RemoteWebDriver.findElementByXPath(RemoteWebDriver.java:428)
at org.openqa.selenium.By$ByXPath.findElement(By.java:353)
at org.openqa.selenium.remote.RemoteWebDriver.findElement(RemoteWebDriver.java:315)
at pageObjects.InvestecHome.selectFocus(InvestecHome.java:33)
at demonstration.MultiBrowser.navigateToCashInvestment(MultiBrowser.java:88)
at java.base/java.util.concurrent.ThreadPoolExecutor.runWorker(ThreadPoolExecutor.java:1128)
at java.base/java.util.concurrent.ThreadPoolExecutor$Worker.run(ThreadPoolExecutor.java:628)
at java.base/java.lang.Thread.run(Thread.java:829)
... Removed 12 stack frames]]>
    </failure>
  </testcase> <!-- navigateToCashInvestment -->
  <testcase classname="demonstration.MultiBrowser" name="navigateToCashInvestment" time="0.027">
    <failure type="java.lang.NullPointerException">
      <![CDATA[java.lang.NullPointerException
at demonstration.base.getScreenShotPath(base.java:72)
at pageObjects.Listeners.onTestFailure(Listeners.java:48)
at java.base/java.util.concurrent.ThreadPoolExecutor.runWorker(ThreadPoolExecutor.java:1128)
at java.base/java.util.concurrent.ThreadPoolExecutor$Worker.run(ThreadPoolExecutor.java:628)
at java.base/java.lang.Thread.run(Thread.java:829)
... Removed 9 stack frames]]>
    </failure>
  </testcase> <!-- navigateToCashInvestment -->
</testsuite> <!-- MSEdgeTest -->
